<?xml version="1.0" encoding="UTF-8"?>
<coverage generated="1488523520972" clover="3.2.0">
  <project timestamp="1488523520973" name="All files">
    <metrics statements="10" coveredstatements="8" conditionals="0" coveredconditionals="0" methods="2" coveredmethods="2" elements="12" coveredelements="10" complexity="0" loc="10" ncloc="10" packages="1" files="2" classes="2">
      <file name="ShowCard.js" path="/Users/wyattsweet/dev/courses_workshops_etc/fem_complete_intro_to_reactV2/complete-intro-to-react/js/ShowCard.js">
        <metrics statements="4" coveredstatements="2" conditionals="0" coveredconditionals="0" methods="0" coveredmethods="0"/>
        <line num="2" count="1" type="stmt"/>
        <line num="4" count="1" type="stmt"/>
        <line num="13" count="0" type="stmt"/>
        <line num="14" count="0" type="stmt"/>
      </file>
      <file name="search.js" path="/Users/wyattsweet/dev/courses_workshops_etc/fem_complete_intro_to_reactV2/complete-intro-to-react/js/search.js">
        <metrics statements="6" coveredstatements="6" conditionals="0" coveredconditionals="0" methods="2" coveredmethods="2"/>
        <line num="5" count="1" type="stmt"/>
        <line num="7" count="3" type="stmt"/>
        <line num="13" count="1" type="stmt"/>
        <line num="24" count="4" type="stmt"/>
        <line num="34" count="84" type="stmt"/>
        <line num="36" count="65" type="stmt"/>
      </file>
    </metrics>
  </project>
</coverage>
