{"/Users/wyattsweet/dev/courses_workshops_etc/fem_complete_intro_to_reactV2/complete-intro-to-react/js/ShowCard.js": {"path":"/Users/wyattsweet/dev/courses_workshops_etc/fem_complete_intro_to_reactV2/complete-intro-to-react/js/ShowCard.js","statementMap":{"0":{"start":{"line":2,"column":19},"end":{"line":2,"column":34}},"1":{"start":{"line":4,"column":17},"end":{"line":25,"column":2}},"2":{"start":{"line":13,"column":49},"end":{"line":13,"column":59}},"3":{"start":{"line":14,"column":4},"end":{"line":23,"column":5}}},"fnMap":{},"branchMap":{},"s":{"0":1,"1":1,"2":0,"3":0},"f":{},"b":{},"_coverageSchema":"332fd63041d2c1bcb487cc26dd0d5f7d97098a6c","hash":"1dbe53140a69d6033f712da960b9bbac61c25080"}
,"/Users/wyattsweet/dev/courses_workshops_etc/fem_complete_intro_to_reactV2/complete-intro-to-react/js/search.js": {"path":"/Users/wyattsweet/dev/courses_workshops_etc/fem_complete_intro_to_reactV2/complete-intro-to-react/js/search.js","statementMap":{"0":{"start":{"line":5,"column":15},"end":{"line":44,"column":2}},"1":{"start":{"line":7,"column":4},"end":{"line":9,"column":5}},"2":{"start":{"line":13,"column":4},"end":{"line":13,"column":51}},"3":{"start":{"line":24,"column":4},"end":{"line":42,"column":5}},"4":{"start":{"line":34,"column":30},"end":{"line":34,"column":129}},"5":{"start":{"line":36,"column":14},"end":{"line":38,"column":13}}},"fnMap":{"0":{"name":"(anonymous_0)","decl":{"start":{"line":34,"column":20},"end":{"line":34,"column":21}},"loc":{"start":{"line":34,"column":30},"end":{"line":34,"column":129}}},"1":{"name":"(anonymous_1)","decl":{"start":{"line":35,"column":17},"end":{"line":35,"column":18}},"loc":{"start":{"line":35,"column":27},"end":{"line":39,"column":13}}}},"branchMap":{},"s":{"0":1,"1":3,"2":1,"3":4,"4":84,"5":65},"f":{"0":84,"1":65},"b":{},"_coverageSchema":"332fd63041d2c1bcb487cc26dd0d5f7d97098a6c","hash":"bf35604ac20e93dace9e217a48242faa20b5cb96"}
}
